[debug] [2020-04-23T20:46:43.239Z] ----------------------------------------------------------------------
[debug] [2020-04-23T20:46:43.243Z] Command:       /usr/bin/node /usr/bin/firebase serve --only functions
[debug] [2020-04-23T20:46:43.243Z] CLI Version:   8.1.1
[debug] [2020-04-23T20:46:43.244Z] Platform:      linux
[debug] [2020-04-23T20:46:43.244Z] Node Version:  v13.13.0
[debug] [2020-04-23T20:46:43.244Z] Time:          Thu Apr 23 2020 22:46:43 GMT+0200 (Central European Summer Time)
[debug] [2020-04-23T20:46:43.245Z] ----------------------------------------------------------------------
[debug] [2020-04-23T20:46:43.245Z] 
[debug] [2020-04-23T20:46:43.262Z] > command requires scopes: ["email","openid","https://www.googleapis.com/auth/cloudplatformprojects.readonly","https://www.googleapis.com/auth/firebase","https://www.googleapis.com/auth/cloud-platform"]
[debug] [2020-04-23T20:46:43.263Z] > authorizing via signed-in user
[debug] [2020-04-23T20:46:43.263Z] [iam] checking project submarine-safari for permissions ["firebase.projects.get"]
[debug] [2020-04-23T20:46:43.269Z] >>> HTTP REQUEST POST https://cloudresourcemanager.googleapis.com/v1/projects/submarine-safari:testIamPermissions  
 {"permissions":["firebase.projects.get"]}
[debug] [2020-04-23T20:46:44.242Z] <<< HTTP RESPONSE 200 {"content-type":"application/json; charset=UTF-8","vary":"X-Origin, Referer, Origin,Accept-Encoding","date":"Thu, 23 Apr 2020 20:46:44 GMT","server":"ESF","cache-control":"private","x-xss-protection":"0","x-frame-options":"SAMEORIGIN","x-content-type-options":"nosniff","server-timing":"gfet4t7; dur=798","alt-svc":"quic=\":443\"; ma=2592000; v=\"46,43\",h3-Q050=\":443\"; ma=2592000,h3-Q049=\":443\"; ma=2592000,h3-Q048=\":443\"; ma=2592000,h3-Q046=\":443\"; ma=2592000,h3-Q043=\":443\"; ma=2592000,h3-T050=\":443\"; ma=2592000","accept-ranges":"none","transfer-encoding":"chunked"}
[debug] [2020-04-23T20:46:44.246Z] >>> HTTP REQUEST GET https://firebase.googleapis.com/v1beta1/projects/submarine-safari  
 
[debug] [2020-04-23T20:46:44.532Z] <<< HTTP RESPONSE 200 {"content-type":"application/json; charset=UTF-8","vary":"X-Origin, Referer, Origin,Accept-Encoding","date":"Thu, 23 Apr 2020 20:46:44 GMT","server":"ESF","cache-control":"private","x-xss-protection":"0","x-frame-options":"SAMEORIGIN","x-content-type-options":"nosniff","alt-svc":"quic=\":443\"; ma=2592000; v=\"46,43\",h3-Q050=\":443\"; ma=2592000,h3-Q049=\":443\"; ma=2592000,h3-Q048=\":443\"; ma=2592000,h3-Q046=\":443\"; ma=2592000,h3-Q043=\":443\"; ma=2592000,h3-T050=\":443\"; ma=2592000","accept-ranges":"none","transfer-encoding":"chunked"}
[warn] ⚠  Your requested "node" version "8" doesn't match your global version "13"
[info] ✔  functions: functions emulator started at http://localhost:5000
[info] i  functions: Watching "/home/cris/Documents/Github repos/minimal-decrypto/functions" for Cloud Functions...
[debug] [2020-04-23T20:46:44.596Z] [worker-pool] addWorker(~diagnostic~) 
[debug] [2020-04-23T20:46:44.596Z] [worker-pool] Adding worker with key ~diagnostic~, total=1 
[debug] [2020-04-23T20:46:44.597Z] [worker-pool] submitWork(triggerId=) 
[debug] [2020-04-23T20:46:44.599Z] [worker-~diagnostic~-4bab94ea-5a0b-4b45-af0c-aa38a41e5d6a]: Assigning socketPath: /tmp/fire_emu_27446.sock 
[debug] [2020-04-23T20:46:44.600Z] [worker-~diagnostic~-4bab94ea-5a0b-4b45-af0c-aa38a41e5d6a]: BUSY 
[debug] [2020-04-23T20:46:45.203Z] [runtime-status] [27446] Functions runtime initialized. {"cwd":"/home/cris/Documents/Github repos/minimal-decrypto/functions","node_version":"13.13.0"} 
[debug] [2020-04-23T20:46:45.216Z] [runtime-status] [27446] Disabled runtime features: undefined 
[debug] [2020-04-23T20:46:45.221Z] [runtime-status] [27446] Resolved module firebase-admin {"declared":true,"installed":true,"version":"8.10.0","resolution":"/home/cris/Documents/Github repos/minimal-decrypto/functions/node_modules/firebase-admin/lib/index.js"} 
[debug] [2020-04-23T20:46:45.221Z] [runtime-status] [27446] Resolved module firebase-functions {"declared":true,"installed":true,"version":"3.6.0","resolution":"/home/cris/Documents/Github repos/minimal-decrypto/functions/node_modules/firebase-functions/lib/index.js"} 
[debug] [2020-04-23T20:46:45.224Z] [runtime-status] [27446] Outgoing network have been stubbed. [{"name":"http","status":"mocked"},{"name":"http","status":"mocked"},{"name":"https","status":"mocked"},{"name":"https","status":"mocked"},{"name":"net","status":"mocked"}] 
[debug] [2020-04-23T20:46:45.286Z] [runtime-status] [27446] Checked functions.config() {"config":{}} 
[debug] [2020-04-23T20:46:45.290Z] [runtime-status] [27446] Resolved module firebase-functions {"declared":true,"installed":true,"version":"3.6.0","resolution":"/home/cris/Documents/Github repos/minimal-decrypto/functions/node_modules/firebase-functions/lib/index.js"} 
[debug] [2020-04-23T20:46:45.290Z] [runtime-status] [27446] Resolved module firebase-admin {"declared":true,"installed":true,"version":"8.10.0","resolution":"/home/cris/Documents/Github repos/minimal-decrypto/functions/node_modules/firebase-admin/lib/index.js"} 
[debug] [2020-04-23T20:46:45.291Z] [runtime-status] [27446] Resolved module firebase-functions {"declared":true,"installed":true,"version":"3.6.0","resolution":"/home/cris/Documents/Github repos/minimal-decrypto/functions/node_modules/firebase-functions/lib/index.js"} 
[debug] [2020-04-23T20:46:45.292Z] [runtime-status] [27446] firebase-admin has been stubbed. {"adminResolution":{"declared":true,"installed":true,"version":"8.10.0","resolution":"/home/cris/Documents/Github repos/minimal-decrypto/functions/node_modules/firebase-admin/lib/index.js"}} 
[debug] [2020-04-23T20:46:45.297Z] [runtime-status] [27446] initializeApp(DEFAULT) {"databaseURL":"https://submarine-safari.firebaseio.com","storageBucket":"submarine-safari.appspot.com","projectId":"submarine-safari"} 
[debug] [2020-04-23T20:46:45.299Z] [worker-~diagnostic~-4bab94ea-5a0b-4b45-af0c-aa38a41e5d6a]: IDLE 
[info] ✔  functions[addMessage]: http function initialized (http://localhost:5000/submarine-safari/us-central1/addMessage).
[info] ✔  functions[CreateMatch]: http function initialized (http://localhost:5000/submarine-safari/us-central1/CreateMatch).
[debug] [2020-04-23T20:46:55.197Z] [work-queue] {"queueLength":1,"workRunningCount":0}
[debug] [2020-04-23T20:46:55.198Z] [work-queue] {"queueLength":0,"workRunningCount":1}
[debug] [2020-04-23T20:46:55.199Z] Accepted request GET /submarine-safari/us-central1/CreateMatch --> CreateMatch
[debug] [2020-04-23T20:46:55.210Z] [worker-pool] addWorker(CreateMatch) 
[debug] [2020-04-23T20:46:55.210Z] [worker-pool] Adding worker with key CreateMatch, total=1 
[debug] [2020-04-23T20:46:55.210Z] [worker-pool] submitWork(triggerId=CreateMatch) 
[debug] [2020-04-23T20:46:55.211Z] [worker-CreateMatch-a07148ae-e9c8-4eb4-b671-579ec2107d84]: Assigning socketPath: /tmp/fire_emu_27466.sock 
[debug] [2020-04-23T20:46:55.211Z] [worker-CreateMatch-a07148ae-e9c8-4eb4-b671-579ec2107d84]: BUSY 
[debug] [2020-04-23T20:46:55.790Z] [runtime-status] [27466] Functions runtime initialized. {"cwd":"/home/cris/Documents/Github repos/minimal-decrypto/functions","node_version":"13.13.0"} 
[debug] [2020-04-23T20:46:55.802Z] [runtime-status] [27466] Disabled runtime features: undefined 
[debug] [2020-04-23T20:46:55.803Z] [runtime-status] [27466] Resolved module firebase-admin {"declared":true,"installed":true,"version":"8.10.0","resolution":"/home/cris/Documents/Github repos/minimal-decrypto/functions/node_modules/firebase-admin/lib/index.js"} 
[debug] [2020-04-23T20:46:55.806Z] [runtime-status] [27466] Resolved module firebase-functions {"declared":true,"installed":true,"version":"3.6.0","resolution":"/home/cris/Documents/Github repos/minimal-decrypto/functions/node_modules/firebase-functions/lib/index.js"} 
[debug] [2020-04-23T20:46:55.812Z] [runtime-status] [27466] Outgoing network have been stubbed. [{"name":"http","status":"mocked"},{"name":"http","status":"mocked"},{"name":"https","status":"mocked"},{"name":"https","status":"mocked"},{"name":"net","status":"mocked"}] 
[debug] [2020-04-23T20:46:55.887Z] [runtime-status] [27466] Checked functions.config() {"config":{}} 
[debug] [2020-04-23T20:46:55.890Z] [runtime-status] [27466] Resolved module firebase-functions {"declared":true,"installed":true,"version":"3.6.0","resolution":"/home/cris/Documents/Github repos/minimal-decrypto/functions/node_modules/firebase-functions/lib/index.js"} 
[debug] [2020-04-23T20:46:55.893Z] [runtime-status] [27466] Resolved module firebase-admin {"declared":true,"installed":true,"version":"8.10.0","resolution":"/home/cris/Documents/Github repos/minimal-decrypto/functions/node_modules/firebase-admin/lib/index.js"} 
[debug] [2020-04-23T20:46:55.894Z] [runtime-status] [27466] Resolved module firebase-functions {"declared":true,"installed":true,"version":"3.6.0","resolution":"/home/cris/Documents/Github repos/minimal-decrypto/functions/node_modules/firebase-functions/lib/index.js"} 
[debug] [2020-04-23T20:46:55.900Z] [runtime-status] [27466] firebase-admin has been stubbed. {"adminResolution":{"declared":true,"installed":true,"version":"8.10.0","resolution":"/home/cris/Documents/Github repos/minimal-decrypto/functions/node_modules/firebase-admin/lib/index.js"}} 
[debug] [2020-04-23T20:46:55.900Z] [runtime-status] [27466] initializeApp(DEFAULT) {"databaseURL":"https://submarine-safari.firebaseio.com","storageBucket":"submarine-safari.appspot.com","projectId":"submarine-safari"} 
[debug] [2020-04-23T20:46:55.901Z] [runtime-status] [27466] Trigger "CreateMatch" has been found, beginning invocation! 
[info] i  functions: Beginning execution of "CreateMatch"
[debug] [2020-04-23T20:46:55.904Z] [runtime-status] [27466] triggerDefinition {"httpsTrigger":{},"name":"CreateMatch","entryPoint":"CreateMatch"} 
[debug] [2020-04-23T20:46:55.905Z] [runtime-status] [27466] Running CreateMatch in mode HTTPS 
[debug] [2020-04-23T20:46:55.914Z] [runtime-status] [27466] Attempting to listen to socketPath: /tmp/fire_emu_27466.sock 
[debug] [2020-04-23T20:46:55.920Z] [functions] Runtime ready! Sending request! 
[debug] [2020-04-23T20:46:55.934Z] [runtime-status] [27466] Ephemeral server handling GET request 
[warn] ⚠  functions: The Realtime Database emulator is not running, so calls to Realtime Database will affect production.
[debug] [2020-04-23T20:46:56.071Z] [runtime-status] [27466] Ephemeral server survived. 
[info] i  functions: Finished "CreateMatch" in ~1s
[debug] [2020-04-23T20:46:56.093Z] [worker-CreateMatch-a07148ae-e9c8-4eb4-b671-579ec2107d84]: IDLE 
[debug] [2020-04-23T20:46:56.093Z] [work-queue] {"queueLength":0,"workRunningCount":0}
[info] >  [2020-04-23T20:46:56.166Z]  @firebase/database: FIREBASE WARNING: {"code":"app/invalid-credential","message":"Credential implementation provided to initializeApp() via the \"credential\" property failed to fetch a valid Google OAuth2 access token with the following error: \"Error fetching access token: Error while making request: getaddrinfo ENOTFOUND metadata.google.internal. Error code: ENOTFOUND\"."}  {"user":"[2020-04-23T20:46:56.166Z]  @firebase/database: FIREBASE WARNING: {\"code\":\"app/invalid-credential\",\"message\":\"Credential implementation provided to initializeApp() via the \\\"credential\\\" property failed to fetch a valid Google OAuth2 access token with the following error: \\\"Error fetching access token: Error while making request: getaddrinfo ENOTFOUND metadata.google.internal. Error code: ENOTFOUND\\\".\"} "}
[info] >  [2020-04-23T20:46:56.655Z]  @firebase/database: FIREBASE WARNING: {"code":"app/invalid-credential","message":"Credential implementation provided to initializeApp() via the \"credential\" property failed to fetch a valid Google OAuth2 access token with the following error: \"Error fetching access token: Error while making request: getaddrinfo ENOTFOUND metadata.google.internal. Error code: ENOTFOUND\"."}  {"user":"[2020-04-23T20:46:56.655Z]  @firebase/database: FIREBASE WARNING: {\"code\":\"app/invalid-credential\",\"message\":\"Credential implementation provided to initializeApp() via the \\\"credential\\\" property failed to fetch a valid Google OAuth2 access token with the following error: \\\"Error fetching access token: Error while making request: getaddrinfo ENOTFOUND metadata.google.internal. Error code: ENOTFOUND\\\".\"} "}
[info] >  [2020-04-23T20:46:57.396Z]  @firebase/database: FIREBASE WARNING: {"code":"app/invalid-credential","message":"Credential implementation provided to initializeApp() via the \"credential\" property failed to fetch a valid Google OAuth2 access token with the following error: \"Error fetching access token: Error while making request: getaddrinfo ENOTFOUND metadata.google.internal. Error code: ENOTFOUND\"."}  {"user":"[2020-04-23T20:46:57.396Z]  @firebase/database: FIREBASE WARNING: {\"code\":\"app/invalid-credential\",\"message\":\"Credential implementation provided to initializeApp() via the \\\"credential\\\" property failed to fetch a valid Google OAuth2 access token with the following error: \\\"Error fetching access token: Error while making request: getaddrinfo ENOTFOUND metadata.google.internal. Error code: ENOTFOUND\\\".\"} "}
[info] >  [2020-04-23T20:46:57.923Z]  @firebase/database: FIREBASE WARNING: {"code":"app/invalid-credential","message":"Credential implementation provided to initializeApp() via the \"credential\" property failed to fetch a valid Google OAuth2 access token with the following error: \"Error fetching access token: Error while making request: getaddrinfo ENOTFOUND metadata.google.internal. Error code: ENOTFOUND\"."}  {"user":"[2020-04-23T20:46:57.923Z]  @firebase/database: FIREBASE WARNING: {\"code\":\"app/invalid-credential\",\"message\":\"Credential implementation provided to initializeApp() via the \\\"credential\\\" property failed to fetch a valid Google OAuth2 access token with the following error: \\\"Error fetching access token: Error while making request: getaddrinfo ENOTFOUND metadata.google.internal. Error code: ENOTFOUND\\\".\"} "}
[info] >  [2020-04-23T20:46:58.666Z]  @firebase/database: FIREBASE WARNING: {"code":"app/invalid-credential","message":"Credential implementation provided to initializeApp() via the \"credential\" property failed to fetch a valid Google OAuth2 access token with the following error: \"Error fetching access token: Error while making request: getaddrinfo ENOTFOUND metadata.google.internal. Error code: ENOTFOUND\"."}  {"user":"[2020-04-23T20:46:58.666Z]  @firebase/database: FIREBASE WARNING: {\"code\":\"app/invalid-credential\",\"message\":\"Credential implementation provided to initializeApp() via the \\\"credential\\\" property failed to fetch a valid Google OAuth2 access token with the following error: \\\"Error fetching access token: Error while making request: getaddrinfo ENOTFOUND metadata.google.internal. Error code: ENOTFOUND\\\".\"} "}
[info] >  [2020-04-23T20:46:59.615Z]  @firebase/database: FIREBASE WARNING: {"code":"app/invalid-credential","message":"Credential implementation provided to initializeApp() via the \"credential\" property failed to fetch a valid Google OAuth2 access token with the following error: \"Error fetching access token: Error while making request: getaddrinfo ENOTFOUND metadata.google.internal. Error code: ENOTFOUND\"."}  {"user":"[2020-04-23T20:46:59.615Z]  @firebase/database: FIREBASE WARNING: {\"code\":\"app/invalid-credential\",\"message\":\"Credential implementation provided to initializeApp() via the \\\"credential\\\" property failed to fetch a valid Google OAuth2 access token with the following error: \\\"Error fetching access token: Error while making request: getaddrinfo ENOTFOUND metadata.google.internal. Error code: ENOTFOUND\\\".\"} "}
[info] >  [2020-04-23T20:47:01.664Z]  @firebase/database: FIREBASE WARNING: {"code":"app/invalid-credential","message":"Credential implementation provided to initializeApp() via the \"credential\" property failed to fetch a valid Google OAuth2 access token with the following error: \"Error fetching access token: Error while making request: getaddrinfo ENOTFOUND metadata.google.internal. Error code: ENOTFOUND\"."}  {"user":"[2020-04-23T20:47:01.664Z]  @firebase/database: FIREBASE WARNING: {\"code\":\"app/invalid-credential\",\"message\":\"Credential implementation provided to initializeApp() via the \\\"credential\\\" property failed to fetch a valid Google OAuth2 access token with the following error: \\\"Error fetching access token: Error while making request: getaddrinfo ENOTFOUND metadata.google.internal. Error code: ENOTFOUND\\\".\"} "}
[info] >  [2020-04-23T20:47:05.624Z]  @firebase/database: FIREBASE WARNING: {"code":"app/invalid-credential","message":"Credential implementation provided to initializeApp() via the \"credential\" property failed to fetch a valid Google OAuth2 access token with the following error: \"Error fetching access token: Error while making request: getaddrinfo ENOTFOUND metadata.google.internal. Error code: ENOTFOUND\"."}  {"user":"[2020-04-23T20:47:05.624Z]  @firebase/database: FIREBASE WARNING: {\"code\":\"app/invalid-credential\",\"message\":\"Credential implementation provided to initializeApp() via the \\\"credential\\\" property failed to fetch a valid Google OAuth2 access token with the following error: \\\"Error fetching access token: Error while making request: getaddrinfo ENOTFOUND metadata.google.internal. Error code: ENOTFOUND\\\".\"} "}
[info] >  [2020-04-23T20:47:10.046Z]  @firebase/database: FIREBASE WARNING: {"code":"app/invalid-credential","message":"Credential implementation provided to initializeApp() via the \"credential\" property failed to fetch a valid Google OAuth2 access token with the following error: \"Error fetching access token: Error while making request: getaddrinfo ENOTFOUND metadata.google.internal. Error code: ENOTFOUND\"."}  {"user":"[2020-04-23T20:47:10.046Z]  @firebase/database: FIREBASE WARNING: {\"code\":\"app/invalid-credential\",\"message\":\"Credential implementation provided to initializeApp() via the \\\"credential\\\" property failed to fetch a valid Google OAuth2 access token with the following error: \\\"Error fetching access token: Error while making request: getaddrinfo ENOTFOUND metadata.google.internal. Error code: ENOTFOUND\\\".\"} "}
[info] >  [2020-04-23T20:47:15.205Z]  @firebase/database: FIREBASE WARNING: {"code":"app/invalid-credential","message":"Credential implementation provided to initializeApp() via the \"credential\" property failed to fetch a valid Google OAuth2 access token with the following error: \"Error fetching access token: Error while making request: getaddrinfo ENOTFOUND metadata.google.internal. Error code: ENOTFOUND\"."}  {"user":"[2020-04-23T20:47:15.205Z]  @firebase/database: FIREBASE WARNING: {\"code\":\"app/invalid-credential\",\"message\":\"Credential implementation provided to initializeApp() via the \\\"credential\\\" property failed to fetch a valid Google OAuth2 access token with the following error: \\\"Error fetching access token: Error while making request: getaddrinfo ENOTFOUND metadata.google.internal. Error code: ENOTFOUND\\\".\"} "}
[info] >  [2020-04-23T20:47:23.748Z]  @firebase/database: FIREBASE WARNING: {"code":"app/invalid-credential","message":"Credential implementation provided to initializeApp() via the \"credential\" property failed to fetch a valid Google OAuth2 access token with the following error: \"Error fetching access token: Error while making request: getaddrinfo ENOTFOUND metadata.google.internal. Error code: ENOTFOUND\"."}  {"user":"[2020-04-23T20:47:23.748Z]  @firebase/database: FIREBASE WARNING: {\"code\":\"app/invalid-credential\",\"message\":\"Credential implementation provided to initializeApp() via the \\\"credential\\\" property failed to fetch a valid Google OAuth2 access token with the following error: \\\"Error fetching access token: Error while making request: getaddrinfo ENOTFOUND metadata.google.internal. Error code: ENOTFOUND\\\".\"} "}
[info] >  [2020-04-23T20:47:28.581Z]  @firebase/database: FIREBASE WARNING: {"code":"app/invalid-credential","message":"Credential implementation provided to initializeApp() via the \"credential\" property failed to fetch a valid Google OAuth2 access token with the following error: \"Error fetching access token: Error while making request: getaddrinfo ENOTFOUND metadata.google.internal. Error code: ENOTFOUND\"."}  {"user":"[2020-04-23T20:47:28.581Z]  @firebase/database: FIREBASE WARNING: {\"code\":\"app/invalid-credential\",\"message\":\"Credential implementation provided to initializeApp() via the \\\"credential\\\" property failed to fetch a valid Google OAuth2 access token with the following error: \\\"Error fetching access token: Error while making request: getaddrinfo ENOTFOUND metadata.google.internal. Error code: ENOTFOUND\\\".\"} "}
[info] >  [2020-04-23T20:47:43.444Z]  @firebase/database: FIREBASE WARNING: {"code":"app/invalid-credential","message":"Credential implementation provided to initializeApp() via the \"credential\" property failed to fetch a valid Google OAuth2 access token with the following error: \"Error fetching access token: Error while making request: getaddrinfo ENOTFOUND metadata.google.internal. Error code: ENOTFOUND\"."}  {"user":"[2020-04-23T20:47:43.444Z]  @firebase/database: FIREBASE WARNING: {\"code\":\"app/invalid-credential\",\"message\":\"Credential implementation provided to initializeApp() via the \\\"credential\\\" property failed to fetch a valid Google OAuth2 access token with the following error: \\\"Error fetching access token: Error while making request: getaddrinfo ENOTFOUND metadata.google.internal. Error code: ENOTFOUND\\\".\"} "}
[info] >  [2020-04-23T20:47:53.021Z]  @firebase/database: FIREBASE WARNING: {"code":"app/invalid-credential","message":"Credential implementation provided to initializeApp() via the \"credential\" property failed to fetch a valid Google OAuth2 access token with the following error: \"Error fetching access token: Error while making request: getaddrinfo ENOTFOUND metadata.google.internal. Error code: ENOTFOUND\"."}  {"user":"[2020-04-23T20:47:53.021Z]  @firebase/database: FIREBASE WARNING: {\"code\":\"app/invalid-credential\",\"message\":\"Credential implementation provided to initializeApp() via the \\\"credential\\\" property failed to fetch a valid Google OAuth2 access token with the following error: \\\"Error fetching access token: Error while making request: getaddrinfo ENOTFOUND metadata.google.internal. Error code: ENOTFOUND\\\".\"} "}
[debug] [2020-04-23T20:47:58.056Z] File /home/cris/Documents/Github repos/minimal-decrypto/functions/index.js changed, reloading triggers 
[debug] [2020-04-23T20:47:59.059Z] [worker-pool] Shutting down IDLE worker (~diagnostic~) 
[debug] [2020-04-23T20:47:59.059Z] [worker-~diagnostic~-4bab94ea-5a0b-4b45-af0c-aa38a41e5d6a]: FINISHING 
[debug] [2020-04-23T20:47:59.063Z] [worker-pool] Shutting down IDLE worker (CreateMatch) 
[debug] [2020-04-23T20:47:59.063Z] [worker-CreateMatch-a07148ae-e9c8-4eb4-b671-579ec2107d84]: FINISHING 
[debug] [2020-04-23T20:47:59.085Z] [worker-pool] addWorker(~diagnostic~) 
[debug] [2020-04-23T20:47:59.086Z] [worker-pool] Adding worker with key ~diagnostic~, total=2 
[debug] [2020-04-23T20:47:59.087Z] [worker-pool] submitWork(triggerId=) 
[debug] [2020-04-23T20:47:59.088Z] [worker-~diagnostic~-4dd9f354-82c4-4a96-8fb2-86e935d9163c]: Assigning socketPath: /tmp/fire_emu_27548.sock 
[debug] [2020-04-23T20:47:59.089Z] [worker-~diagnostic~-4dd9f354-82c4-4a96-8fb2-86e935d9163c]: BUSY 
[debug] [2020-04-23T20:47:59.096Z] [worker-~diagnostic~-4bab94ea-5a0b-4b45-af0c-aa38a41e5d6a]: exited 
[debug] [2020-04-23T20:47:59.097Z] [worker-~diagnostic~-4bab94ea-5a0b-4b45-af0c-aa38a41e5d6a]: FINISHED 
[debug] [2020-04-23T20:47:59.097Z] [worker-CreateMatch-a07148ae-e9c8-4eb4-b671-579ec2107d84]: exited 
[debug] [2020-04-23T20:47:59.097Z] [worker-CreateMatch-a07148ae-e9c8-4eb4-b671-579ec2107d84]: FINISHED 
[debug] [2020-04-23T20:48:00.445Z] [runtime-status] [27548] Functions runtime initialized. {"cwd":"/home/cris/Documents/Github repos/minimal-decrypto/functions","node_version":"13.13.0"} 
[debug] [2020-04-23T20:48:00.458Z] [runtime-status] [27548] Disabled runtime features: undefined 
[debug] [2020-04-23T20:48:00.464Z] [runtime-status] [27548] Resolved module firebase-admin {"declared":true,"installed":true,"version":"8.10.0","resolution":"/home/cris/Documents/Github repos/minimal-decrypto/functions/node_modules/firebase-admin/lib/index.js"} 
[debug] [2020-04-23T20:48:00.477Z] [runtime-status] [27548] Resolved module firebase-functions {"declared":true,"installed":true,"version":"3.6.0","resolution":"/home/cris/Documents/Github repos/minimal-decrypto/functions/node_modules/firebase-functions/lib/index.js"} 
[debug] [2020-04-23T20:48:00.481Z] [runtime-status] [27548] Outgoing network have been stubbed. [{"name":"http","status":"mocked"},{"name":"http","status":"mocked"},{"name":"https","status":"mocked"},{"name":"https","status":"mocked"},{"name":"net","status":"mocked"}] 
[debug] [2020-04-23T20:48:00.833Z] [runtime-status] [27548] Checked functions.config() {"config":{}} 
[debug] [2020-04-23T20:48:00.835Z] [runtime-status] [27548] Resolved module firebase-functions {"declared":true,"installed":true,"version":"3.6.0","resolution":"/home/cris/Documents/Github repos/minimal-decrypto/functions/node_modules/firebase-functions/lib/index.js"} 
[debug] [2020-04-23T20:48:00.838Z] [runtime-status] [27548] Resolved module firebase-admin {"declared":true,"installed":true,"version":"8.10.0","resolution":"/home/cris/Documents/Github repos/minimal-decrypto/functions/node_modules/firebase-admin/lib/index.js"} 
[debug] [2020-04-23T20:48:00.839Z] [runtime-status] [27548] Resolved module firebase-functions {"declared":true,"installed":true,"version":"3.6.0","resolution":"/home/cris/Documents/Github repos/minimal-decrypto/functions/node_modules/firebase-functions/lib/index.js"} 
[debug] [2020-04-23T20:48:00.840Z] [runtime-status] [27548] firebase-admin has been stubbed. {"adminResolution":{"declared":true,"installed":true,"version":"8.10.0","resolution":"/home/cris/Documents/Github repos/minimal-decrypto/functions/node_modules/firebase-admin/lib/index.js"}} 
[debug] [2020-04-23T20:48:00.844Z] [runtime-status] [27548] initializeApp(DEFAULT) {"databaseURL":"https://submarine-safari.firebaseio.com","storageBucket":"submarine-safari.appspot.com","projectId":"submarine-safari"} 
[debug] [2020-04-23T20:48:00.850Z] [worker-~diagnostic~-4dd9f354-82c4-4a96-8fb2-86e935d9163c]: IDLE 
[debug] [2020-04-23T20:48:05.180Z] [work-queue] {"queueLength":1,"workRunningCount":0}
[debug] [2020-04-23T20:48:05.180Z] [work-queue] {"queueLength":0,"workRunningCount":1}
[debug] [2020-04-23T20:48:05.181Z] Accepted request GET /submarine-safari/us-central1/CreateMatch --> CreateMatch
[debug] [2020-04-23T20:48:05.181Z] [worker-pool] Cleaned up workers for ~diagnostic~: 2 --> 1 
[debug] [2020-04-23T20:48:05.181Z] [worker-pool] Cleaned up workers for CreateMatch: 1 --> 0 
[debug] [2020-04-23T20:48:05.189Z] [worker-pool] addWorker(CreateMatch) 
[debug] [2020-04-23T20:48:05.190Z] [worker-pool] Adding worker with key CreateMatch, total=1 
[debug] [2020-04-23T20:48:05.190Z] [worker-pool] submitWork(triggerId=CreateMatch) 
[debug] [2020-04-23T20:48:05.190Z] [worker-CreateMatch-f2983cf4-da4b-482b-859e-58b535dc64ee]: Assigning socketPath: /tmp/fire_emu_27566.sock 
[debug] [2020-04-23T20:48:05.190Z] [worker-CreateMatch-f2983cf4-da4b-482b-859e-58b535dc64ee]: BUSY 
[debug] [2020-04-23T20:48:05.735Z] [runtime-status] [27566] Functions runtime initialized. {"cwd":"/home/cris/Documents/Github repos/minimal-decrypto/functions","node_version":"13.13.0"} 
[debug] [2020-04-23T20:48:05.760Z] [runtime-status] [27566] Disabled runtime features: undefined 
[debug] [2020-04-23T20:48:05.771Z] [runtime-status] [27566] Resolved module firebase-admin {"declared":true,"installed":true,"version":"8.10.0","resolution":"/home/cris/Documents/Github repos/minimal-decrypto/functions/node_modules/firebase-admin/lib/index.js"} 
[debug] [2020-04-23T20:48:05.772Z] [runtime-status] [27566] Resolved module firebase-functions {"declared":true,"installed":true,"version":"3.6.0","resolution":"/home/cris/Documents/Github repos/minimal-decrypto/functions/node_modules/firebase-functions/lib/index.js"} 
[debug] [2020-04-23T20:48:05.778Z] [runtime-status] [27566] Outgoing network have been stubbed. [{"name":"http","status":"mocked"},{"name":"http","status":"mocked"},{"name":"https","status":"mocked"},{"name":"https","status":"mocked"},{"name":"net","status":"mocked"}] 
[debug] [2020-04-23T20:48:05.832Z] [runtime-status] [27566] Checked functions.config() {"config":{}} 
[debug] [2020-04-23T20:48:05.834Z] [runtime-status] [27566] Resolved module firebase-functions {"declared":true,"installed":true,"version":"3.6.0","resolution":"/home/cris/Documents/Github repos/minimal-decrypto/functions/node_modules/firebase-functions/lib/index.js"} 
[debug] [2020-04-23T20:48:05.837Z] [runtime-status] [27566] Resolved module firebase-admin {"declared":true,"installed":true,"version":"8.10.0","resolution":"/home/cris/Documents/Github repos/minimal-decrypto/functions/node_modules/firebase-admin/lib/index.js"} 
[debug] [2020-04-23T20:48:05.839Z] [runtime-status] [27566] Resolved module firebase-functions {"declared":true,"installed":true,"version":"3.6.0","resolution":"/home/cris/Documents/Github repos/minimal-decrypto/functions/node_modules/firebase-functions/lib/index.js"} 
[debug] [2020-04-23T20:48:05.840Z] [runtime-status] [27566] firebase-admin has been stubbed. {"adminResolution":{"declared":true,"installed":true,"version":"8.10.0","resolution":"/home/cris/Documents/Github repos/minimal-decrypto/functions/node_modules/firebase-admin/lib/index.js"}} 
[debug] [2020-04-23T20:48:05.843Z] [runtime-status] [27566] initializeApp(DEFAULT) {"databaseURL":"https://submarine-safari.firebaseio.com","storageBucket":"submarine-safari.appspot.com","projectId":"submarine-safari"} 
[debug] [2020-04-23T20:48:05.846Z] [runtime-status] [27566] Trigger "CreateMatch" has been found, beginning invocation! 
[info] i  functions: Beginning execution of "CreateMatch"
[debug] [2020-04-23T20:48:05.847Z] [runtime-status] [27566] triggerDefinition {"httpsTrigger":{},"name":"CreateMatch","entryPoint":"CreateMatch"} 
[debug] [2020-04-23T20:48:05.848Z] [runtime-status] [27566] Running CreateMatch in mode HTTPS 
[debug] [2020-04-23T20:48:05.855Z] [runtime-status] [27566] Attempting to listen to socketPath: /tmp/fire_emu_27566.sock 
[debug] [2020-04-23T20:48:05.865Z] [functions] Runtime ready! Sending request! 
[debug] [2020-04-23T20:48:05.877Z] [runtime-status] [27566] Ephemeral server handling GET request 
[debug] [2020-04-23T20:48:06.021Z] [runtime-status] [27566] Ephemeral server survived. 
[info] i  functions: Finished "CreateMatch" in ~1s
[debug] [2020-04-23T20:48:06.041Z] [worker-CreateMatch-f2983cf4-da4b-482b-859e-58b535dc64ee]: IDLE 
[debug] [2020-04-23T20:48:06.041Z] [work-queue] {"queueLength":0,"workRunningCount":0}
[info] >  [2020-04-23T20:48:06.127Z]  @firebase/database: FIREBASE WARNING: {"code":"app/invalid-credential","message":"Credential implementation provided to initializeApp() via the \"credential\" property failed to fetch a valid Google OAuth2 access token with the following error: \"Error fetching access token: Error while making request: getaddrinfo ENOTFOUND metadata.google.internal. Error code: ENOTFOUND\"."}  {"user":"[2020-04-23T20:48:06.127Z]  @firebase/database: FIREBASE WARNING: {\"code\":\"app/invalid-credential\",\"message\":\"Credential implementation provided to initializeApp() via the \\\"credential\\\" property failed to fetch a valid Google OAuth2 access token with the following error: \\\"Error fetching access token: Error while making request: getaddrinfo ENOTFOUND metadata.google.internal. Error code: ENOTFOUND\\\".\"} "}
[info] >  [2020-04-23T20:48:07.015Z]  @firebase/database: FIREBASE WARNING: {"code":"app/invalid-credential","message":"Credential implementation provided to initializeApp() via the \"credential\" property failed to fetch a valid Google OAuth2 access token with the following error: \"Error fetching access token: Error while making request: getaddrinfo ENOTFOUND metadata.google.internal. Error code: ENOTFOUND\"."}  {"user":"[2020-04-23T20:48:07.015Z]  @firebase/database: FIREBASE WARNING: {\"code\":\"app/invalid-credential\",\"message\":\"Credential implementation provided to initializeApp() via the \\\"credential\\\" property failed to fetch a valid Google OAuth2 access token with the following error: \\\"Error fetching access token: Error while making request: getaddrinfo ENOTFOUND metadata.google.internal. Error code: ENOTFOUND\\\".\"} "}
[info] >  [2020-04-23T20:48:08.340Z]  @firebase/database: FIREBASE WARNING: {"code":"app/invalid-credential","message":"Credential implementation provided to initializeApp() via the \"credential\" property failed to fetch a valid Google OAuth2 access token with the following error: \"Error fetching access token: Error while making request: getaddrinfo ENOTFOUND metadata.google.internal. Error code: ENOTFOUND\"."}  {"user":"[2020-04-23T20:48:08.340Z]  @firebase/database: FIREBASE WARNING: {\"code\":\"app/invalid-credential\",\"message\":\"Credential implementation provided to initializeApp() via the \\\"credential\\\" property failed to fetch a valid Google OAuth2 access token with the following error: \\\"Error fetching access token: Error while making request: getaddrinfo ENOTFOUND metadata.google.internal. Error code: ENOTFOUND\\\".\"} "}
[info] >  [2020-04-23T20:48:09.508Z]  @firebase/database: FIREBASE WARNING: {"code":"app/invalid-credential","message":"Credential implementation provided to initializeApp() via the \"credential\" property failed to fetch a valid Google OAuth2 access token with the following error: \"Error fetching access token: Error while making request: getaddrinfo ENOTFOUND metadata.google.internal. Error code: ENOTFOUND\"."}  {"user":"[2020-04-23T20:48:09.508Z]  @firebase/database: FIREBASE WARNING: {\"code\":\"app/invalid-credential\",\"message\":\"Credential implementation provided to initializeApp() via the \\\"credential\\\" property failed to fetch a valid Google OAuth2 access token with the following error: \\\"Error fetching access token: Error while making request: getaddrinfo ENOTFOUND metadata.google.internal. Error code: ENOTFOUND\\\".\"} "}
[info] >  [2020-04-23T20:48:09.786Z]  @firebase/database: FIREBASE WARNING: {"code":"app/invalid-credential","message":"Credential implementation provided to initializeApp() via the \"credential\" property failed to fetch a valid Google OAuth2 access token with the following error: \"Error fetching access token: Error while making request: getaddrinfo ENOTFOUND metadata.google.internal. Error code: ENOTFOUND\"."}  {"user":"[2020-04-23T20:48:09.786Z]  @firebase/database: FIREBASE WARNING: {\"code\":\"app/invalid-credential\",\"message\":\"Credential implementation provided to initializeApp() via the \\\"credential\\\" property failed to fetch a valid Google OAuth2 access token with the following error: \\\"Error fetching access token: Error while making request: getaddrinfo ENOTFOUND metadata.google.internal. Error code: ENOTFOUND\\\".\"} "}
[info] >  [2020-04-23T20:48:11.693Z]  @firebase/database: FIREBASE WARNING: {"code":"app/invalid-credential","message":"Credential implementation provided to initializeApp() via the \"credential\" property failed to fetch a valid Google OAuth2 access token with the following error: \"Error fetching access token: Error while making request: getaddrinfo ENOTFOUND metadata.google.internal. Error code: ENOTFOUND\"."}  {"user":"[2020-04-23T20:48:11.693Z]  @firebase/database: FIREBASE WARNING: {\"code\":\"app/invalid-credential\",\"message\":\"Credential implementation provided to initializeApp() via the \\\"credential\\\" property failed to fetch a valid Google OAuth2 access token with the following error: \\\"Error fetching access token: Error while making request: getaddrinfo ENOTFOUND metadata.google.internal. Error code: ENOTFOUND\\\".\"} "}
[info] >  [2020-04-23T20:48:14.248Z]  @firebase/database: FIREBASE WARNING: {"code":"app/invalid-credential","message":"Credential implementation provided to initializeApp() via the \"credential\" property failed to fetch a valid Google OAuth2 access token with the following error: \"Error fetching access token: Error while making request: getaddrinfo ENOTFOUND metadata.google.internal. Error code: ENOTFOUND\"."}  {"user":"[2020-04-23T20:48:14.248Z]  @firebase/database: FIREBASE WARNING: {\"code\":\"app/invalid-credential\",\"message\":\"Credential implementation provided to initializeApp() via the \\\"credential\\\" property failed to fetch a valid Google OAuth2 access token with the following error: \\\"Error fetching access token: Error while making request: getaddrinfo ENOTFOUND metadata.google.internal. Error code: ENOTFOUND\\\".\"} "}
[info] >  [2020-04-23T20:48:15.916Z]  @firebase/database: FIREBASE WARNING: {"code":"app/invalid-credential","message":"Credential implementation provided to initializeApp() via the \"credential\" property failed to fetch a valid Google OAuth2 access token with the following error: \"Error fetching access token: Error while making request: getaddrinfo ENOTFOUND metadata.google.internal. Error code: ENOTFOUND\"."}  {"user":"[2020-04-23T20:48:15.916Z]  @firebase/database: FIREBASE WARNING: {\"code\":\"app/invalid-credential\",\"message\":\"Credential implementation provided to initializeApp() via the \\\"credential\\\" property failed to fetch a valid Google OAuth2 access token with the following error: \\\"Error fetching access token: Error while making request: getaddrinfo ENOTFOUND metadata.google.internal. Error code: ENOTFOUND\\\".\"} "}
[info] >  [2020-04-23T20:48:19.287Z]  @firebase/database: FIREBASE WARNING: {"code":"app/invalid-credential","message":"Credential implementation provided to initializeApp() via the \"credential\" property failed to fetch a valid Google OAuth2 access token with the following error: \"Error fetching access token: Error while making request: getaddrinfo ENOTFOUND metadata.google.internal. Error code: ENOTFOUND\"."}  {"user":"[2020-04-23T20:48:19.287Z]  @firebase/database: FIREBASE WARNING: {\"code\":\"app/invalid-credential\",\"message\":\"Credential implementation provided to initializeApp() via the \\\"credential\\\" property failed to fetch a valid Google OAuth2 access token with the following error: \\\"Error fetching access token: Error while making request: getaddrinfo ENOTFOUND metadata.google.internal. Error code: ENOTFOUND\\\".\"} "}
[info] >  [2020-04-23T20:48:25.197Z]  @firebase/database: FIREBASE WARNING: {"code":"app/invalid-credential","message":"Credential implementation provided to initializeApp() via the \"credential\" property failed to fetch a valid Google OAuth2 access token with the following error: \"Error fetching access token: Error while making request: getaddrinfo ENOTFOUND metadata.google.internal. Error code: ENOTFOUND\"."}  {"user":"[2020-04-23T20:48:25.197Z]  @firebase/database: FIREBASE WARNING: {\"code\":\"app/invalid-credential\",\"message\":\"Credential implementation provided to initializeApp() via the \\\"credential\\\" property failed to fetch a valid Google OAuth2 access token with the following error: \\\"Error fetching access token: Error while making request: getaddrinfo ENOTFOUND metadata.google.internal. Error code: ENOTFOUND\\\".\"} "}
[info] >  [2020-04-23T20:48:33.741Z]  @firebase/database: FIREBASE WARNING: {"code":"app/invalid-credential","message":"Credential implementation provided to initializeApp() via the \"credential\" property failed to fetch a valid Google OAuth2 access token with the following error: \"Error fetching access token: Error while making request: getaddrinfo ENOTFOUND metadata.google.internal. Error code: ENOTFOUND\"."}  {"user":"[2020-04-23T20:48:33.741Z]  @firebase/database: FIREBASE WARNING: {\"code\":\"app/invalid-credential\",\"message\":\"Credential implementation provided to initializeApp() via the \\\"credential\\\" property failed to fetch a valid Google OAuth2 access token with the following error: \\\"Error fetching access token: Error while making request: getaddrinfo ENOTFOUND metadata.google.internal. Error code: ENOTFOUND\\\".\"} "}
[info] >  [2020-04-23T20:48:42.545Z]  @firebase/database: FIREBASE WARNING: {"code":"app/invalid-credential","message":"Credential implementation provided to initializeApp() via the \"credential\" property failed to fetch a valid Google OAuth2 access token with the following error: \"Error fetching access token: Error while making request: getaddrinfo ENOTFOUND metadata.google.internal. Error code: ENOTFOUND\"."}  {"user":"[2020-04-23T20:48:42.545Z]  @firebase/database: FIREBASE WARNING: {\"code\":\"app/invalid-credential\",\"message\":\"Credential implementation provided to initializeApp() via the \\\"credential\\\" property failed to fetch a valid Google OAuth2 access token with the following error: \\\"Error fetching access token: Error while making request: getaddrinfo ENOTFOUND metadata.google.internal. Error code: ENOTFOUND\\\".\"} "}
[info] >  [2020-04-23T20:48:47.631Z]  @firebase/database: FIREBASE WARNING: {"code":"app/invalid-credential","message":"Credential implementation provided to initializeApp() via the \"credential\" property failed to fetch a valid Google OAuth2 access token with the following error: \"Error fetching access token: Error while making request: getaddrinfo ENOTFOUND metadata.google.internal. Error code: ENOTFOUND\"."}  {"user":"[2020-04-23T20:48:47.631Z]  @firebase/database: FIREBASE WARNING: {\"code\":\"app/invalid-credential\",\"message\":\"Credential implementation provided to initializeApp() via the \\\"credential\\\" property failed to fetch a valid Google OAuth2 access token with the following error: \\\"Error fetching access token: Error while making request: getaddrinfo ENOTFOUND metadata.google.internal. Error code: ENOTFOUND\\\".\"} "}
[info] >  [2020-04-23T20:48:54.909Z]  @firebase/database: FIREBASE WARNING: {"code":"app/invalid-credential","message":"Credential implementation provided to initializeApp() via the \"credential\" property failed to fetch a valid Google OAuth2 access token with the following error: \"Error fetching access token: Error while making request: getaddrinfo ENOTFOUND metadata.google.internal. Error code: ENOTFOUND\"."}  {"user":"[2020-04-23T20:48:54.909Z]  @firebase/database: FIREBASE WARNING: {\"code\":\"app/invalid-credential\",\"message\":\"Credential implementation provided to initializeApp() via the \\\"credential\\\" property failed to fetch a valid Google OAuth2 access token with the following error: \\\"Error fetching access token: Error while making request: getaddrinfo ENOTFOUND metadata.google.internal. Error code: ENOTFOUND\\\".\"} "}
[info] >  [2020-04-23T20:49:03.567Z]  @firebase/database: FIREBASE WARNING: {"code":"app/invalid-credential","message":"Credential implementation provided to initializeApp() via the \"credential\" property failed to fetch a valid Google OAuth2 access token with the following error: \"Error fetching access token: Error while making request: getaddrinfo ENOTFOUND metadata.google.internal. Error code: ENOTFOUND\"."}  {"user":"[2020-04-23T20:49:03.567Z]  @firebase/database: FIREBASE WARNING: {\"code\":\"app/invalid-credential\",\"message\":\"Credential implementation provided to initializeApp() via the \\\"credential\\\" property failed to fetch a valid Google OAuth2 access token with the following error: \\\"Error fetching access token: Error while making request: getaddrinfo ENOTFOUND metadata.google.internal. Error code: ENOTFOUND\\\".\"} "}
[info] >  [2020-04-23T20:49:14.654Z]  @firebase/database: FIREBASE WARNING: {"code":"app/invalid-credential","message":"Credential implementation provided to initializeApp() via the \"credential\" property failed to fetch a valid Google OAuth2 access token with the following error: \"Error fetching access token: Error while making request: getaddrinfo ENOTFOUND metadata.google.internal. Error code: ENOTFOUND\"."}  {"user":"[2020-04-23T20:49:14.654Z]  @firebase/database: FIREBASE WARNING: {\"code\":\"app/invalid-credential\",\"message\":\"Credential implementation provided to initializeApp() via the \\\"credential\\\" property failed to fetch a valid Google OAuth2 access token with the following error: \\\"Error fetching access token: Error while making request: getaddrinfo ENOTFOUND metadata.google.internal. Error code: ENOTFOUND\\\".\"} "}
[info] >  [2020-04-23T20:50:02.662Z]  @firebase/database: FIREBASE WARNING: {"code":"app/invalid-credential","message":"Credential implementation provided to initializeApp() via the \"credential\" property failed to fetch a valid Google OAuth2 access token with the following error: \"Error fetching access token: Error while making request: getaddrinfo ENOTFOUND metadata.google.internal. Error code: ENOTFOUND\"."}  {"user":"[2020-04-23T20:50:02.662Z]  @firebase/database: FIREBASE WARNING: {\"code\":\"app/invalid-credential\",\"message\":\"Credential implementation provided to initializeApp() via the \\\"credential\\\" property failed to fetch a valid Google OAuth2 access token with the following error: \\\"Error fetching access token: Error while making request: getaddrinfo ENOTFOUND metadata.google.internal. Error code: ENOTFOUND\\\".\"} "}
[info] >  [2020-04-23T20:50:22.821Z]  @firebase/database: FIREBASE WARNING: {"code":"app/invalid-credential","message":"Credential implementation provided to initializeApp() via the \"credential\" property failed to fetch a valid Google OAuth2 access token with the following error: \"Error fetching access token: Error while making request: getaddrinfo ENOTFOUND metadata.google.internal. Error code: ENOTFOUND\"."}  {"user":"[2020-04-23T20:50:22.821Z]  @firebase/database: FIREBASE WARNING: {\"code\":\"app/invalid-credential\",\"message\":\"Credential implementation provided to initializeApp() via the \\\"credential\\\" property failed to fetch a valid Google OAuth2 access token with the following error: \\\"Error fetching access token: Error while making request: getaddrinfo ENOTFOUND metadata.google.internal. Error code: ENOTFOUND\\\".\"} "}
[info] >  [2020-04-23T20:50:52.350Z]  @firebase/database: FIREBASE WARNING: {"code":"app/invalid-credential","message":"Credential implementation provided to initializeApp() via the \"credential\" property failed to fetch a valid Google OAuth2 access token with the following error: \"Error fetching access token: Error while making request: getaddrinfo ENOTFOUND metadata.google.internal. Error code: ENOTFOUND\"."}  {"user":"[2020-04-23T20:50:52.350Z]  @firebase/database: FIREBASE WARNING: {\"code\":\"app/invalid-credential\",\"message\":\"Credential implementation provided to initializeApp() via the \\\"credential\\\" property failed to fetch a valid Google OAuth2 access token with the following error: \\\"Error fetching access token: Error while making request: getaddrinfo ENOTFOUND metadata.google.internal. Error code: ENOTFOUND\\\".\"} "}
[info] >  [2020-04-23T20:52:38.166Z]  @firebase/database: FIREBASE WARNING: {"code":"app/invalid-credential","message":"Credential implementation provided to initializeApp() via the \"credential\" property failed to fetch a valid Google OAuth2 access token with the following error: \"Error fetching access token: Error while making request: getaddrinfo ENOTFOUND metadata.google.internal. Error code: ENOTFOUND\"."}  {"user":"[2020-04-23T20:52:38.166Z]  @firebase/database: FIREBASE WARNING: {\"code\":\"app/invalid-credential\",\"message\":\"Credential implementation provided to initializeApp() via the \\\"credential\\\" property failed to fetch a valid Google OAuth2 access token with the following error: \\\"Error fetching access token: Error while making request: getaddrinfo ENOTFOUND metadata.google.internal. Error code: ENOTFOUND\\\".\"} "}
[info] >  [2020-04-23T20:53:12.058Z]  @firebase/database: FIREBASE WARNING: {"code":"app/invalid-credential","message":"Credential implementation provided to initializeApp() via the \"credential\" property failed to fetch a valid Google OAuth2 access token with the following error: \"Error fetching access token: Error while making request: getaddrinfo ENOTFOUND metadata.google.internal. Error code: ENOTFOUND\"."}  {"user":"[2020-04-23T20:53:12.058Z]  @firebase/database: FIREBASE WARNING: {\"code\":\"app/invalid-credential\",\"message\":\"Credential implementation provided to initializeApp() via the \\\"credential\\\" property failed to fetch a valid Google OAuth2 access token with the following error: \\\"Error fetching access token: Error while making request: getaddrinfo ENOTFOUND metadata.google.internal. Error code: ENOTFOUND\\\".\"} "}
[debug] [2020-04-23T20:54:42.155Z] File /home/cris/Documents/Github repos/minimal-decrypto/functions/index.js changed, reloading triggers 
[debug] [2020-04-23T20:54:43.161Z] [worker-pool] Shutting down IDLE worker (~diagnostic~) 
[debug] [2020-04-23T20:54:43.161Z] [worker-~diagnostic~-4dd9f354-82c4-4a96-8fb2-86e935d9163c]: FINISHING 
[debug] [2020-04-23T20:54:43.162Z] [worker-pool] Shutting down IDLE worker (CreateMatch) 
[debug] [2020-04-23T20:54:43.163Z] [worker-CreateMatch-f2983cf4-da4b-482b-859e-58b535dc64ee]: FINISHING 
[debug] [2020-04-23T20:54:43.187Z] [worker-pool] addWorker(~diagnostic~) 
[debug] [2020-04-23T20:54:43.188Z] [worker-pool] Adding worker with key ~diagnostic~, total=2 
[debug] [2020-04-23T20:54:43.188Z] [worker-pool] submitWork(triggerId=) 
[debug] [2020-04-23T20:54:43.189Z] [worker-~diagnostic~-b3d2ffe2-807e-47d2-81ae-fef50fa0f6cd]: Assigning socketPath: /tmp/fire_emu_27831.sock 
[debug] [2020-04-23T20:54:43.189Z] [worker-~diagnostic~-b3d2ffe2-807e-47d2-81ae-fef50fa0f6cd]: BUSY 
[debug] [2020-04-23T20:54:43.192Z] [worker-~diagnostic~-4dd9f354-82c4-4a96-8fb2-86e935d9163c]: exited 
[debug] [2020-04-23T20:54:43.192Z] [worker-~diagnostic~-4dd9f354-82c4-4a96-8fb2-86e935d9163c]: FINISHED 
[debug] [2020-04-23T20:54:43.193Z] [worker-CreateMatch-f2983cf4-da4b-482b-859e-58b535dc64ee]: exited 
[debug] [2020-04-23T20:54:43.193Z] [worker-CreateMatch-f2983cf4-da4b-482b-859e-58b535dc64ee]: FINISHED 
[debug] [2020-04-23T20:54:44.333Z] [runtime-status] [27831] Functions runtime initialized. {"cwd":"/home/cris/Documents/Github repos/minimal-decrypto/functions","node_version":"13.13.0"} 
[debug] [2020-04-23T20:54:44.339Z] [runtime-status] [27831] Disabled runtime features: undefined 
[debug] [2020-04-23T20:54:44.360Z] [runtime-status] [27831] Resolved module firebase-admin {"declared":true,"installed":true,"version":"8.10.0","resolution":"/home/cris/Documents/Github repos/minimal-decrypto/functions/node_modules/firebase-admin/lib/index.js"} 
[debug] [2020-04-23T20:54:44.367Z] [runtime-status] [27831] Resolved module firebase-functions {"declared":true,"installed":true,"version":"3.6.0","resolution":"/home/cris/Documents/Github repos/minimal-decrypto/functions/node_modules/firebase-functions/lib/index.js"} 
[debug] [2020-04-23T20:54:44.373Z] [runtime-status] [27831] Outgoing network have been stubbed. [{"name":"http","status":"mocked"},{"name":"http","status":"mocked"},{"name":"https","status":"mocked"},{"name":"https","status":"mocked"},{"name":"net","status":"mocked"}] 
[debug] [2020-04-23T20:54:44.453Z] [runtime-status] [27831] Checked functions.config() {"config":{}} 
[debug] [2020-04-23T20:54:44.456Z] [runtime-status] [27831] Resolved module firebase-functions {"declared":true,"installed":true,"version":"3.6.0","resolution":"/home/cris/Documents/Github repos/minimal-decrypto/functions/node_modules/firebase-functions/lib/index.js"} 
[debug] [2020-04-23T20:54:44.458Z] [runtime-status] [27831] Resolved module firebase-admin {"declared":true,"installed":true,"version":"8.10.0","resolution":"/home/cris/Documents/Github repos/minimal-decrypto/functions/node_modules/firebase-admin/lib/index.js"} 
[debug] [2020-04-23T20:54:44.459Z] [runtime-status] [27831] Resolved module firebase-functions {"declared":true,"installed":true,"version":"3.6.0","resolution":"/home/cris/Documents/Github repos/minimal-decrypto/functions/node_modules/firebase-functions/lib/index.js"} 
[debug] [2020-04-23T20:54:44.459Z] [runtime-status] [27831] firebase-admin has been stubbed. {"adminResolution":{"declared":true,"installed":true,"version":"8.10.0","resolution":"/home/cris/Documents/Github repos/minimal-decrypto/functions/node_modules/firebase-admin/lib/index.js"}} 
[debug] [2020-04-23T20:54:44.466Z] [runtime-status] [27831] initializeApp(DEFAULT) {"databaseURL":"https://submarine-safari.firebaseio.com","storageBucket":"submarine-safari.appspot.com","projectId":"submarine-safari"} 
[debug] [2020-04-23T20:54:44.468Z] [worker-~diagnostic~-b3d2ffe2-807e-47d2-81ae-fef50fa0f6cd]: IDLE 
[debug] [2020-04-23T20:54:54.483Z] [work-queue] {"queueLength":1,"workRunningCount":0}
[debug] [2020-04-23T20:54:54.484Z] [work-queue] {"queueLength":0,"workRunningCount":1}
[debug] [2020-04-23T20:54:54.484Z] Accepted request GET /submarine-safari/us-central1/CreateMatch --> CreateMatch
[debug] [2020-04-23T20:54:54.485Z] [worker-pool] Cleaned up workers for ~diagnostic~: 2 --> 1 
[debug] [2020-04-23T20:54:54.485Z] [worker-pool] Cleaned up workers for CreateMatch: 1 --> 0 
[debug] [2020-04-23T20:54:54.494Z] [worker-pool] addWorker(CreateMatch) 
[debug] [2020-04-23T20:54:54.494Z] [worker-pool] Adding worker with key CreateMatch, total=1 
[debug] [2020-04-23T20:54:54.494Z] [worker-pool] submitWork(triggerId=CreateMatch) 
[debug] [2020-04-23T20:54:54.495Z] [worker-CreateMatch-a77543bf-c042-44e2-9092-35c5a0b54b3a]: Assigning socketPath: /tmp/fire_emu_27866.sock 
[debug] [2020-04-23T20:54:54.495Z] [worker-CreateMatch-a77543bf-c042-44e2-9092-35c5a0b54b3a]: BUSY 
[debug] [2020-04-23T20:54:55.083Z] [runtime-status] [27866] Functions runtime initialized. {"cwd":"/home/cris/Documents/Github repos/minimal-decrypto/functions","node_version":"13.13.0"} 
[debug] [2020-04-23T20:54:55.088Z] [runtime-status] [27866] Disabled runtime features: undefined 
[debug] [2020-04-23T20:54:55.097Z] [runtime-status] [27866] Resolved module firebase-admin {"declared":true,"installed":true,"version":"8.10.0","resolution":"/home/cris/Documents/Github repos/minimal-decrypto/functions/node_modules/firebase-admin/lib/index.js"} 
[debug] [2020-04-23T20:54:55.102Z] [runtime-status] [27866] Resolved module firebase-functions {"declared":true,"installed":true,"version":"3.6.0","resolution":"/home/cris/Documents/Github repos/minimal-decrypto/functions/node_modules/firebase-functions/lib/index.js"} 
[debug] [2020-04-23T20:54:55.108Z] [runtime-status] [27866] Outgoing network have been stubbed. [{"name":"http","status":"mocked"},{"name":"http","status":"mocked"},{"name":"https","status":"mocked"},{"name":"https","status":"mocked"},{"name":"net","status":"mocked"}] 
[debug] [2020-04-23T20:54:55.179Z] [runtime-status] [27866] Checked functions.config() {"config":{}} 
[debug] [2020-04-23T20:54:55.181Z] [runtime-status] [27866] Resolved module firebase-functions {"declared":true,"installed":true,"version":"3.6.0","resolution":"/home/cris/Documents/Github repos/minimal-decrypto/functions/node_modules/firebase-functions/lib/index.js"} 
[debug] [2020-04-23T20:54:55.183Z] [runtime-status] [27866] Resolved module firebase-admin {"declared":true,"installed":true,"version":"8.10.0","resolution":"/home/cris/Documents/Github repos/minimal-decrypto/functions/node_modules/firebase-admin/lib/index.js"} 
[debug] [2020-04-23T20:54:55.185Z] [runtime-status] [27866] Resolved module firebase-functions {"declared":true,"installed":true,"version":"3.6.0","resolution":"/home/cris/Documents/Github repos/minimal-decrypto/functions/node_modules/firebase-functions/lib/index.js"} 
[debug] [2020-04-23T20:54:55.186Z] [runtime-status] [27866] firebase-admin has been stubbed. {"adminResolution":{"declared":true,"installed":true,"version":"8.10.0","resolution":"/home/cris/Documents/Github repos/minimal-decrypto/functions/node_modules/firebase-admin/lib/index.js"}} 
[debug] [2020-04-23T20:54:55.189Z] [runtime-status] [27866] initializeApp(DEFAULT) {"databaseURL":"https://submarine-safari.firebaseio.com","storageBucket":"submarine-safari.appspot.com","projectId":"submarine-safari"} 
[debug] [2020-04-23T20:54:55.193Z] [runtime-status] [27866] Trigger "CreateMatch" has been found, beginning invocation! 
[info] i  functions: Beginning execution of "CreateMatch"
[debug] [2020-04-23T20:54:55.194Z] [runtime-status] [27866] triggerDefinition {"httpsTrigger":{},"name":"CreateMatch","entryPoint":"CreateMatch"} 
[debug] [2020-04-23T20:54:55.194Z] [runtime-status] [27866] Running CreateMatch in mode HTTPS 
[debug] [2020-04-23T20:54:55.206Z] [runtime-status] [27866] Attempting to listen to socketPath: /tmp/fire_emu_27866.sock 
[debug] [2020-04-23T20:54:55.215Z] [functions] Runtime ready! Sending request! 
[debug] [2020-04-23T20:54:55.228Z] [runtime-status] [27866] Ephemeral server handling GET request 
[info] >  -M5coatXs3BV9OkPkMhi {"user":"-M5coatXs3BV9OkPkMhi"}
[debug] [2020-04-23T20:54:55.352Z] [runtime-status] [27866] Ephemeral server survived. 
[info] i  functions: Finished "CreateMatch" in ~1s
[debug] [2020-04-23T20:54:55.450Z] [worker-CreateMatch-a77543bf-c042-44e2-9092-35c5a0b54b3a]: IDLE 
[debug] [2020-04-23T20:54:55.450Z] [work-queue] {"queueLength":0,"workRunningCount":0}
[info] >  [2020-04-23T20:54:55.495Z]  @firebase/database: FIREBASE WARNING: {"code":"app/invalid-credential","message":"Credential implementation provided to initializeApp() via the \"credential\" property failed to fetch a valid Google OAuth2 access token with the following error: \"Error fetching access token: Error while making request: getaddrinfo ENOTFOUND metadata.google.internal. Error code: ENOTFOUND\"."}  {"user":"[2020-04-23T20:54:55.495Z]  @firebase/database: FIREBASE WARNING: {\"code\":\"app/invalid-credential\",\"message\":\"Credential implementation provided to initializeApp() via the \\\"credential\\\" property failed to fetch a valid Google OAuth2 access token with the following error: \\\"Error fetching access token: Error while making request: getaddrinfo ENOTFOUND metadata.google.internal. Error code: ENOTFOUND\\\".\"} "}
[info] >  [2020-04-23T20:54:56.188Z]  @firebase/database: FIREBASE WARNING: {"code":"app/invalid-credential","message":"Credential implementation provided to initializeApp() via the \"credential\" property failed to fetch a valid Google OAuth2 access token with the following error: \"Error fetching access token: Error while making request: getaddrinfo ENOTFOUND metadata.google.internal. Error code: ENOTFOUND\"."}  {"user":"[2020-04-23T20:54:56.188Z]  @firebase/database: FIREBASE WARNING: {\"code\":\"app/invalid-credential\",\"message\":\"Credential implementation provided to initializeApp() via the \\\"credential\\\" property failed to fetch a valid Google OAuth2 access token with the following error: \\\"Error fetching access token: Error while making request: getaddrinfo ENOTFOUND metadata.google.internal. Error code: ENOTFOUND\\\".\"} "}
[info] >  [2020-04-23T20:54:56.538Z]  @firebase/database: FIREBASE WARNING: {"code":"app/invalid-credential","message":"Credential implementation provided to initializeApp() via the \"credential\" property failed to fetch a valid Google OAuth2 access token with the following error: \"Error fetching access token: Error while making request: getaddrinfo ENOTFOUND metadata.google.internal. Error code: ENOTFOUND\"."}  {"user":"[2020-04-23T20:54:56.538Z]  @firebase/database: FIREBASE WARNING: {\"code\":\"app/invalid-credential\",\"message\":\"Credential implementation provided to initializeApp() via the \\\"credential\\\" property failed to fetch a valid Google OAuth2 access token with the following error: \\\"Error fetching access token: Error while making request: getaddrinfo ENOTFOUND metadata.google.internal. Error code: ENOTFOUND\\\".\"} "}
[info] >  [2020-04-23T20:54:56.798Z]  @firebase/database: FIREBASE WARNING: {"code":"app/invalid-credential","message":"Credential implementation provided to initializeApp() via the \"credential\" property failed to fetch a valid Google OAuth2 access token with the following error: \"Error fetching access token: Error while making request: getaddrinfo ENOTFOUND metadata.google.internal. Error code: ENOTFOUND\"."}  {"user":"[2020-04-23T20:54:56.798Z]  @firebase/database: FIREBASE WARNING: {\"code\":\"app/invalid-credential\",\"message\":\"Credential implementation provided to initializeApp() via the \\\"credential\\\" property failed to fetch a valid Google OAuth2 access token with the following error: \\\"Error fetching access token: Error while making request: getaddrinfo ENOTFOUND metadata.google.internal. Error code: ENOTFOUND\\\".\"} "}
[info] >  [2020-04-23T20:54:57.142Z]  @firebase/database: FIREBASE WARNING: {"code":"app/invalid-credential","message":"Credential implementation provided to initializeApp() via the \"credential\" property failed to fetch a valid Google OAuth2 access token with the following error: \"Error fetching access token: Error while making request: getaddrinfo ENOTFOUND metadata.google.internal. Error code: ENOTFOUND\"."}  {"user":"[2020-04-23T20:54:57.142Z]  @firebase/database: FIREBASE WARNING: {\"code\":\"app/invalid-credential\",\"message\":\"Credential implementation provided to initializeApp() via the \\\"credential\\\" property failed to fetch a valid Google OAuth2 access token with the following error: \\\"Error fetching access token: Error while making request: getaddrinfo ENOTFOUND metadata.google.internal. Error code: ENOTFOUND\\\".\"} "}
[info] >  [2020-04-23T20:54:58.957Z]  @firebase/database: FIREBASE WARNING: {"code":"app/invalid-credential","message":"Credential implementation provided to initializeApp() via the \"credential\" property failed to fetch a valid Google OAuth2 access token with the following error: \"Error fetching access token: Error while making request: getaddrinfo ENOTFOUND metadata.google.internal. Error code: ENOTFOUND\"."}  {"user":"[2020-04-23T20:54:58.957Z]  @firebase/database: FIREBASE WARNING: {\"code\":\"app/invalid-credential\",\"message\":\"Credential implementation provided to initializeApp() via the \\\"credential\\\" property failed to fetch a valid Google OAuth2 access token with the following error: \\\"Error fetching access token: Error while making request: getaddrinfo ENOTFOUND metadata.google.internal. Error code: ENOTFOUND\\\".\"} "}
[info] >  [2020-04-23T20:55:01.177Z]  @firebase/database: FIREBASE WARNING: {"code":"app/invalid-credential","message":"Credential implementation provided to initializeApp() via the \"credential\" property failed to fetch a valid Google OAuth2 access token with the following error: \"Error fetching access token: Error while making request: getaddrinfo ENOTFOUND metadata.google.internal. Error code: ENOTFOUND\"."}  {"user":"[2020-04-23T20:55:01.177Z]  @firebase/database: FIREBASE WARNING: {\"code\":\"app/invalid-credential\",\"message\":\"Credential implementation provided to initializeApp() via the \\\"credential\\\" property failed to fetch a valid Google OAuth2 access token with the following error: \\\"Error fetching access token: Error while making request: getaddrinfo ENOTFOUND metadata.google.internal. Error code: ENOTFOUND\\\".\"} "}
[info] >  [2020-04-23T20:55:03.301Z]  @firebase/database: FIREBASE WARNING: {"code":"app/invalid-credential","message":"Credential implementation provided to initializeApp() via the \"credential\" property failed to fetch a valid Google OAuth2 access token with the following error: \"Error fetching access token: Error while making request: getaddrinfo ENOTFOUND metadata.google.internal. Error code: ENOTFOUND\"."}  {"user":"[2020-04-23T20:55:03.301Z]  @firebase/database: FIREBASE WARNING: {\"code\":\"app/invalid-credential\",\"message\":\"Credential implementation provided to initializeApp() via the \\\"credential\\\" property failed to fetch a valid Google OAuth2 access token with the following error: \\\"Error fetching access token: Error while making request: getaddrinfo ENOTFOUND metadata.google.internal. Error code: ENOTFOUND\\\".\"} "}
[info] >  [2020-04-23T20:55:05.310Z]  @firebase/database: FIREBASE WARNING: {"code":"app/invalid-credential","message":"Credential implementation provided to initializeApp() via the \"credential\" property failed to fetch a valid Google OAuth2 access token with the following error: \"Error fetching access token: Error while making request: getaddrinfo ENOTFOUND metadata.google.internal. Error code: ENOTFOUND\"."}  {"user":"[2020-04-23T20:55:05.310Z]  @firebase/database: FIREBASE WARNING: {\"code\":\"app/invalid-credential\",\"message\":\"Credential implementation provided to initializeApp() via the \\\"credential\\\" property failed to fetch a valid Google OAuth2 access token with the following error: \\\"Error fetching access token: Error while making request: getaddrinfo ENOTFOUND metadata.google.internal. Error code: ENOTFOUND\\\".\"} "}
[info] >  [2020-04-23T20:55:06.400Z]  @firebase/database: FIREBASE WARNING: {"code":"app/invalid-credential","message":"Credential implementation provided to initializeApp() via the \"credential\" property failed to fetch a valid Google OAuth2 access token with the following error: \"Error fetching access token: Error while making request: getaddrinfo ENOTFOUND metadata.google.internal. Error code: ENOTFOUND\"."}  {"user":"[2020-04-23T20:55:06.400Z]  @firebase/database: FIREBASE WARNING: {\"code\":\"app/invalid-credential\",\"message\":\"Credential implementation provided to initializeApp() via the \\\"credential\\\" property failed to fetch a valid Google OAuth2 access token with the following error: \\\"Error fetching access token: Error while making request: getaddrinfo ENOTFOUND metadata.google.internal. Error code: ENOTFOUND\\\".\"} "}
[info] >  [2020-04-23T20:55:07.586Z]  @firebase/database: FIREBASE WARNING: {"code":"app/invalid-credential","message":"Credential implementation provided to initializeApp() via the \"credential\" property failed to fetch a valid Google OAuth2 access token with the following error: \"Error fetching access token: Error while making request: getaddrinfo ENOTFOUND metadata.google.internal. Error code: ENOTFOUND\"."}  {"user":"[2020-04-23T20:55:07.586Z]  @firebase/database: FIREBASE WARNING: {\"code\":\"app/invalid-credential\",\"message\":\"Credential implementation provided to initializeApp() via the \\\"credential\\\" property failed to fetch a valid Google OAuth2 access token with the following error: \\\"Error fetching access token: Error while making request: getaddrinfo ENOTFOUND metadata.google.internal. Error code: ENOTFOUND\\\".\"} "}
[info] >  [2020-04-23T20:55:08.747Z]  @firebase/database: FIREBASE WARNING: {"code":"app/invalid-credential","message":"Credential implementation provided to initializeApp() via the \"credential\" property failed to fetch a valid Google OAuth2 access token with the following error: \"Error fetching access token: Error while making request: getaddrinfo ENOTFOUND metadata.google.internal. Error code: ENOTFOUND\"."}  {"user":"[2020-04-23T20:55:08.747Z]  @firebase/database: FIREBASE WARNING: {\"code\":\"app/invalid-credential\",\"message\":\"Credential implementation provided to initializeApp() via the \\\"credential\\\" property failed to fetch a valid Google OAuth2 access token with the following error: \\\"Error fetching access token: Error while making request: getaddrinfo ENOTFOUND metadata.google.internal. Error code: ENOTFOUND\\\".\"} "}
[info] >  [2020-04-23T20:55:13.227Z]  @firebase/database: FIREBASE WARNING: {"code":"app/invalid-credential","message":"Credential implementation provided to initializeApp() via the \"credential\" property failed to fetch a valid Google OAuth2 access token with the following error: \"Error fetching access token: Error while making request: getaddrinfo ENOTFOUND metadata.google.internal. Error code: ENOTFOUND\"."}  {"user":"[2020-04-23T20:55:13.227Z]  @firebase/database: FIREBASE WARNING: {\"code\":\"app/invalid-credential\",\"message\":\"Credential implementation provided to initializeApp() via the \\\"credential\\\" property failed to fetch a valid Google OAuth2 access token with the following error: \\\"Error fetching access token: Error while making request: getaddrinfo ENOTFOUND metadata.google.internal. Error code: ENOTFOUND\\\".\"} "}
[info] >  [2020-04-23T20:55:31.441Z]  @firebase/database: FIREBASE WARNING: {"code":"app/invalid-credential","message":"Credential implementation provided to initializeApp() via the \"credential\" property failed to fetch a valid Google OAuth2 access token with the following error: \"Error fetching access token: Error while making request: getaddrinfo ENOTFOUND metadata.google.internal. Error code: ENOTFOUND\"."}  {"user":"[2020-04-23T20:55:31.441Z]  @firebase/database: FIREBASE WARNING: {\"code\":\"app/invalid-credential\",\"message\":\"Credential implementation provided to initializeApp() via the \\\"credential\\\" property failed to fetch a valid Google OAuth2 access token with the following error: \\\"Error fetching access token: Error while making request: getaddrinfo ENOTFOUND metadata.google.internal. Error code: ENOTFOUND\\\".\"} "}
[debug] [2020-04-23T20:55:33.682Z] File /home/cris/Documents/Github repos/minimal-decrypto/functions/index.js changed, reloading triggers 
[debug] [2020-04-23T20:55:34.684Z] [worker-pool] Shutting down IDLE worker (~diagnostic~) 
[debug] [2020-04-23T20:55:34.686Z] [worker-~diagnostic~-b3d2ffe2-807e-47d2-81ae-fef50fa0f6cd]: FINISHING 
[debug] [2020-04-23T20:55:34.687Z] [worker-pool] Shutting down IDLE worker (CreateMatch) 
[debug] [2020-04-23T20:55:34.687Z] [worker-CreateMatch-a77543bf-c042-44e2-9092-35c5a0b54b3a]: FINISHING 
[debug] [2020-04-23T20:55:34.701Z] [worker-pool] addWorker(~diagnostic~) 
[debug] [2020-04-23T20:55:34.703Z] [worker-pool] Adding worker with key ~diagnostic~, total=2 
[debug] [2020-04-23T20:55:34.703Z] [worker-pool] submitWork(triggerId=) 
[debug] [2020-04-23T20:55:34.703Z] [worker-~diagnostic~-5701f8db-021c-4b79-8374-8a8ae453457b]: Assigning socketPath: /tmp/fire_emu_27919.sock 
[debug] [2020-04-23T20:55:34.704Z] [worker-~diagnostic~-5701f8db-021c-4b79-8374-8a8ae453457b]: BUSY 
[debug] [2020-04-23T20:55:34.706Z] [worker-~diagnostic~-b3d2ffe2-807e-47d2-81ae-fef50fa0f6cd]: exited 
[debug] [2020-04-23T20:55:34.707Z] [worker-~diagnostic~-b3d2ffe2-807e-47d2-81ae-fef50fa0f6cd]: FINISHED 
[debug] [2020-04-23T20:55:34.707Z] [worker-CreateMatch-a77543bf-c042-44e2-9092-35c5a0b54b3a]: exited 
[debug] [2020-04-23T20:55:34.707Z] [worker-CreateMatch-a77543bf-c042-44e2-9092-35c5a0b54b3a]: FINISHED 
[debug] [2020-04-23T20:55:35.379Z] [runtime-status] [27919] Functions runtime initialized. {"cwd":"/home/cris/Documents/Github repos/minimal-decrypto/functions","node_version":"13.13.0"} 
[debug] [2020-04-23T20:55:35.388Z] [runtime-status] [27919] Disabled runtime features: undefined 
[debug] [2020-04-23T20:55:35.389Z] [runtime-status] [27919] Resolved module firebase-admin {"declared":true,"installed":true,"version":"8.10.0","resolution":"/home/cris/Documents/Github repos/minimal-decrypto/functions/node_modules/firebase-admin/lib/index.js"} 
[debug] [2020-04-23T20:55:35.398Z] [runtime-status] [27919] Resolved module firebase-functions {"declared":true,"installed":true,"version":"3.6.0","resolution":"/home/cris/Documents/Github repos/minimal-decrypto/functions/node_modules/firebase-functions/lib/index.js"} 
[debug] [2020-04-23T20:55:35.399Z] [runtime-status] [27919] Outgoing network have been stubbed. [{"name":"http","status":"mocked"},{"name":"http","status":"mocked"},{"name":"https","status":"mocked"},{"name":"https","status":"mocked"},{"name":"net","status":"mocked"}] 
[debug] [2020-04-23T20:55:35.500Z] [runtime-status] [27919] Checked functions.config() {"config":{}} 
[debug] [2020-04-23T20:55:35.504Z] [runtime-status] [27919] Resolved module firebase-functions {"declared":true,"installed":true,"version":"3.6.0","resolution":"/home/cris/Documents/Github repos/minimal-decrypto/functions/node_modules/firebase-functions/lib/index.js"} 
[debug] [2020-04-23T20:55:35.504Z] [runtime-status] [27919] Resolved module firebase-admin {"declared":true,"installed":true,"version":"8.10.0","resolution":"/home/cris/Documents/Github repos/minimal-decrypto/functions/node_modules/firebase-admin/lib/index.js"} 
[debug] [2020-04-23T20:55:35.508Z] [runtime-status] [27919] Resolved module firebase-functions {"declared":true,"installed":true,"version":"3.6.0","resolution":"/home/cris/Documents/Github repos/minimal-decrypto/functions/node_modules/firebase-functions/lib/index.js"} 
[debug] [2020-04-23T20:55:35.509Z] [runtime-status] [27919] firebase-admin has been stubbed. {"adminResolution":{"declared":true,"installed":true,"version":"8.10.0","resolution":"/home/cris/Documents/Github repos/minimal-decrypto/functions/node_modules/firebase-admin/lib/index.js"}} 
[debug] [2020-04-23T20:55:35.509Z] [runtime-status] [27919] initializeApp(DEFAULT) {"databaseURL":"https://submarine-safari.firebaseio.com","storageBucket":"submarine-safari.appspot.com","projectId":"submarine-safari"} 
[debug] [2020-04-23T20:55:35.514Z] [worker-~diagnostic~-5701f8db-021c-4b79-8374-8a8ae453457b]: IDLE 
[debug] [2020-04-23T20:55:35.549Z] [work-queue] {"queueLength":1,"workRunningCount":0}
[debug] [2020-04-23T20:55:35.550Z] [work-queue] {"queueLength":0,"workRunningCount":1}
[debug] [2020-04-23T20:55:35.550Z] Accepted request GET /submarine-safari/us-central1/CreateMatch --> CreateMatch
[debug] [2020-04-23T20:55:35.550Z] [worker-pool] Cleaned up workers for ~diagnostic~: 2 --> 1 
[debug] [2020-04-23T20:55:35.550Z] [worker-pool] Cleaned up workers for CreateMatch: 1 --> 0 
[debug] [2020-04-23T20:55:35.559Z] [worker-pool] addWorker(CreateMatch) 
[debug] [2020-04-23T20:55:35.559Z] [worker-pool] Adding worker with key CreateMatch, total=1 
[debug] [2020-04-23T20:55:35.559Z] [worker-pool] submitWork(triggerId=CreateMatch) 
[debug] [2020-04-23T20:55:35.560Z] [worker-CreateMatch-0d26e4ce-1fda-4fc2-85cc-6816cbac912e]: Assigning socketPath: /tmp/fire_emu_27928.sock 
[debug] [2020-04-23T20:55:35.560Z] [worker-CreateMatch-0d26e4ce-1fda-4fc2-85cc-6816cbac912e]: BUSY 
[debug] [2020-04-23T20:55:36.115Z] [runtime-status] [27928] Functions runtime initialized. {"cwd":"/home/cris/Documents/Github repos/minimal-decrypto/functions","node_version":"13.13.0"} 
[debug] [2020-04-23T20:55:36.125Z] [runtime-status] [27928] Disabled runtime features: undefined 
[debug] [2020-04-23T20:55:36.134Z] [runtime-status] [27928] Resolved module firebase-admin {"declared":true,"installed":true,"version":"8.10.0","resolution":"/home/cris/Documents/Github repos/minimal-decrypto/functions/node_modules/firebase-admin/lib/index.js"} 
[debug] [2020-04-23T20:55:36.134Z] [runtime-status] [27928] Resolved module firebase-functions {"declared":true,"installed":true,"version":"3.6.0","resolution":"/home/cris/Documents/Github repos/minimal-decrypto/functions/node_modules/firebase-functions/lib/index.js"} 
[debug] [2020-04-23T20:55:36.137Z] [runtime-status] [27928] Outgoing network have been stubbed. [{"name":"http","status":"mocked"},{"name":"http","status":"mocked"},{"name":"https","status":"mocked"},{"name":"https","status":"mocked"},{"name":"net","status":"mocked"}] 
[debug] [2020-04-23T20:55:36.203Z] [runtime-status] [27928] Checked functions.config() {"config":{}} 
[debug] [2020-04-23T20:55:36.207Z] [runtime-status] [27928] Resolved module firebase-functions {"declared":true,"installed":true,"version":"3.6.0","resolution":"/home/cris/Documents/Github repos/minimal-decrypto/functions/node_modules/firebase-functions/lib/index.js"} 
[debug] [2020-04-23T20:55:36.207Z] [runtime-status] [27928] Resolved module firebase-admin {"declared":true,"installed":true,"version":"8.10.0","resolution":"/home/cris/Documents/Github repos/minimal-decrypto/functions/node_modules/firebase-admin/lib/index.js"} 
[debug] [2020-04-23T20:55:36.208Z] [runtime-status] [27928] Resolved module firebase-functions {"declared":true,"installed":true,"version":"3.6.0","resolution":"/home/cris/Documents/Github repos/minimal-decrypto/functions/node_modules/firebase-functions/lib/index.js"} 
[debug] [2020-04-23T20:55:36.209Z] [runtime-status] [27928] firebase-admin has been stubbed. {"adminResolution":{"declared":true,"installed":true,"version":"8.10.0","resolution":"/home/cris/Documents/Github repos/minimal-decrypto/functions/node_modules/firebase-admin/lib/index.js"}} 
[debug] [2020-04-23T20:55:36.212Z] [runtime-status] [27928] initializeApp(DEFAULT) {"databaseURL":"https://submarine-safari.firebaseio.com","storageBucket":"submarine-safari.appspot.com","projectId":"submarine-safari"} 
[debug] [2020-04-23T20:55:36.214Z] [runtime-status] [27928] Trigger "CreateMatch" has been found, beginning invocation! 
[info] i  functions: Beginning execution of "CreateMatch"
[debug] [2020-04-23T20:55:36.215Z] [runtime-status] [27928] triggerDefinition {"httpsTrigger":{},"name":"CreateMatch","entryPoint":"CreateMatch"} 
[debug] [2020-04-23T20:55:36.216Z] [runtime-status] [27928] Running CreateMatch in mode HTTPS 
[debug] [2020-04-23T20:55:36.222Z] [runtime-status] [27928] Attempting to listen to socketPath: /tmp/fire_emu_27928.sock 
[debug] [2020-04-23T20:55:36.227Z] [functions] Runtime ready! Sending request! 
[debug] [2020-04-23T20:55:36.239Z] [runtime-status] [27928] Ephemeral server handling GET request 
[info] >  -M5cokuAlzP_iWFxvePf {"user":"-M5cokuAlzP_iWFxvePf"}
[debug] [2020-04-23T20:55:36.349Z] [runtime-status] [27928] Ephemeral server survived. 
[info] i  functions: Finished "CreateMatch" in ~1s
[debug] [2020-04-23T20:55:36.369Z] [worker-CreateMatch-0d26e4ce-1fda-4fc2-85cc-6816cbac912e]: IDLE 
[debug] [2020-04-23T20:55:36.370Z] [work-queue] {"queueLength":0,"workRunningCount":0}
[info] >  [2020-04-23T20:55:36.401Z]  @firebase/database: FIREBASE WARNING: {"code":"app/invalid-credential","message":"Credential implementation provided to initializeApp() via the \"credential\" property failed to fetch a valid Google OAuth2 access token with the following error: \"Error fetching access token: Error while making request: getaddrinfo ENOTFOUND metadata.google.internal. Error code: ENOTFOUND\"."}  {"user":"[2020-04-23T20:55:36.401Z]  @firebase/database: FIREBASE WARNING: {\"code\":\"app/invalid-credential\",\"message\":\"Credential implementation provided to initializeApp() via the \\\"credential\\\" property failed to fetch a valid Google OAuth2 access token with the following error: \\\"Error fetching access token: Error while making request: getaddrinfo ENOTFOUND metadata.google.internal. Error code: ENOTFOUND\\\".\"} "}
[info] >  [2020-04-23T20:55:37.221Z]  @firebase/database: FIREBASE WARNING: {"code":"app/invalid-credential","message":"Credential implementation provided to initializeApp() via the \"credential\" property failed to fetch a valid Google OAuth2 access token with the following error: \"Error fetching access token: Error while making request: getaddrinfo ENOTFOUND metadata.google.internal. Error code: ENOTFOUND\"."}  {"user":"[2020-04-23T20:55:37.221Z]  @firebase/database: FIREBASE WARNING: {\"code\":\"app/invalid-credential\",\"message\":\"Credential implementation provided to initializeApp() via the \\\"credential\\\" property failed to fetch a valid Google OAuth2 access token with the following error: \\\"Error fetching access token: Error while making request: getaddrinfo ENOTFOUND metadata.google.internal. Error code: ENOTFOUND\\\".\"} "}
[info] >  [2020-04-23T20:55:37.371Z]  @firebase/database: FIREBASE WARNING: {"code":"app/invalid-credential","message":"Credential implementation provided to initializeApp() via the \"credential\" property failed to fetch a valid Google OAuth2 access token with the following error: \"Error fetching access token: Error while making request: getaddrinfo ENOTFOUND metadata.google.internal. Error code: ENOTFOUND\"."}  {"user":"[2020-04-23T20:55:37.371Z]  @firebase/database: FIREBASE WARNING: {\"code\":\"app/invalid-credential\",\"message\":\"Credential implementation provided to initializeApp() via the \\\"credential\\\" property failed to fetch a valid Google OAuth2 access token with the following error: \\\"Error fetching access token: Error while making request: getaddrinfo ENOTFOUND metadata.google.internal. Error code: ENOTFOUND\\\".\"} "}
[info] >  [2020-04-23T20:55:38.161Z]  @firebase/database: FIREBASE WARNING: {"code":"app/invalid-credential","message":"Credential implementation provided to initializeApp() via the \"credential\" property failed to fetch a valid Google OAuth2 access token with the following error: \"Error fetching access token: Error while making request: getaddrinfo ENOTFOUND metadata.google.internal. Error code: ENOTFOUND\"."}  {"user":"[2020-04-23T20:55:38.161Z]  @firebase/database: FIREBASE WARNING: {\"code\":\"app/invalid-credential\",\"message\":\"Credential implementation provided to initializeApp() via the \\\"credential\\\" property failed to fetch a valid Google OAuth2 access token with the following error: \\\"Error fetching access token: Error while making request: getaddrinfo ENOTFOUND metadata.google.internal. Error code: ENOTFOUND\\\".\"} "}
[info] >  [2020-04-23T20:55:38.316Z]  @firebase/database: FIREBASE WARNING: {"code":"app/invalid-credential","message":"Credential implementation provided to initializeApp() via the \"credential\" property failed to fetch a valid Google OAuth2 access token with the following error: \"Error fetching access token: Error while making request: getaddrinfo ENOTFOUND metadata.google.internal. Error code: ENOTFOUND\"."}  {"user":"[2020-04-23T20:55:38.316Z]  @firebase/database: FIREBASE WARNING: {\"code\":\"app/invalid-credential\",\"message\":\"Credential implementation provided to initializeApp() via the \\\"credential\\\" property failed to fetch a valid Google OAuth2 access token with the following error: \\\"Error fetching access token: Error while making request: getaddrinfo ENOTFOUND metadata.google.internal. Error code: ENOTFOUND\\\".\"} "}
[info] >  [2020-04-23T20:55:41.093Z]  @firebase/database: FIREBASE WARNING: {"code":"app/invalid-credential","message":"Credential implementation provided to initializeApp() via the \"credential\" property failed to fetch a valid Google OAuth2 access token with the following error: \"Error fetching access token: Error while making request: getaddrinfo ENOTFOUND metadata.google.internal. Error code: ENOTFOUND\"."}  {"user":"[2020-04-23T20:55:41.093Z]  @firebase/database: FIREBASE WARNING: {\"code\":\"app/invalid-credential\",\"message\":\"Credential implementation provided to initializeApp() via the \\\"credential\\\" property failed to fetch a valid Google OAuth2 access token with the following error: \\\"Error fetching access token: Error while making request: getaddrinfo ENOTFOUND metadata.google.internal. Error code: ENOTFOUND\\\".\"} "}
[info] >  [2020-04-23T20:55:43.057Z]  @firebase/database: FIREBASE WARNING: {"code":"app/invalid-credential","message":"Credential implementation provided to initializeApp() via the \"credential\" property failed to fetch a valid Google OAuth2 access token with the following error: \"Error fetching access token: Error while making request: getaddrinfo ENOTFOUND metadata.google.internal. Error code: ENOTFOUND\"."}  {"user":"[2020-04-23T20:55:43.057Z]  @firebase/database: FIREBASE WARNING: {\"code\":\"app/invalid-credential\",\"message\":\"Credential implementation provided to initializeApp() via the \\\"credential\\\" property failed to fetch a valid Google OAuth2 access token with the following error: \\\"Error fetching access token: Error while making request: getaddrinfo ENOTFOUND metadata.google.internal. Error code: ENOTFOUND\\\".\"} "}
[debug] [2020-04-23T20:55:46.258Z] File /home/cris/Documents/Github repos/minimal-decrypto/functions/index.js changed, reloading triggers 
[debug] [2020-04-23T20:55:47.259Z] [worker-pool] Shutting down IDLE worker (~diagnostic~) 
[debug] [2020-04-23T20:55:47.259Z] [worker-~diagnostic~-5701f8db-021c-4b79-8374-8a8ae453457b]: FINISHING 
[debug] [2020-04-23T20:55:47.260Z] [worker-pool] Shutting down IDLE worker (CreateMatch) 
[debug] [2020-04-23T20:55:47.260Z] [worker-CreateMatch-0d26e4ce-1fda-4fc2-85cc-6816cbac912e]: FINISHING 
[debug] [2020-04-23T20:55:47.272Z] [worker-pool] addWorker(~diagnostic~) 
[debug] [2020-04-23T20:55:47.272Z] [worker-pool] Adding worker with key ~diagnostic~, total=2 
[debug] [2020-04-23T20:55:47.273Z] [worker-pool] submitWork(triggerId=) 
[debug] [2020-04-23T20:55:47.273Z] [worker-~diagnostic~-7aa91393-41c4-4ca5-bb3d-bcfa376472d1]: Assigning socketPath: /tmp/fire_emu_27960.sock 
[debug] [2020-04-23T20:55:47.273Z] [worker-~diagnostic~-7aa91393-41c4-4ca5-bb3d-bcfa376472d1]: BUSY 
[debug] [2020-04-23T20:55:47.276Z] [worker-~diagnostic~-5701f8db-021c-4b79-8374-8a8ae453457b]: exited 
[debug] [2020-04-23T20:55:47.276Z] [worker-~diagnostic~-5701f8db-021c-4b79-8374-8a8ae453457b]: FINISHED 
[debug] [2020-04-23T20:55:47.276Z] [worker-CreateMatch-0d26e4ce-1fda-4fc2-85cc-6816cbac912e]: exited 
[debug] [2020-04-23T20:55:47.278Z] [worker-CreateMatch-0d26e4ce-1fda-4fc2-85cc-6816cbac912e]: FINISHED 
[debug] [2020-04-23T20:55:47.834Z] [runtime-status] [27960] Functions runtime initialized. {"cwd":"/home/cris/Documents/Github repos/minimal-decrypto/functions","node_version":"13.13.0"} 
[debug] [2020-04-23T20:55:47.849Z] [runtime-status] [27960] Disabled runtime features: undefined 
[debug] [2020-04-23T20:55:47.849Z] [runtime-status] [27960] Resolved module firebase-admin {"declared":true,"installed":true,"version":"8.10.0","resolution":"/home/cris/Documents/Github repos/minimal-decrypto/functions/node_modules/firebase-admin/lib/index.js"} 
[debug] [2020-04-23T20:55:47.850Z] [runtime-status] [27960] Resolved module firebase-functions {"declared":true,"installed":true,"version":"3.6.0","resolution":"/home/cris/Documents/Github repos/minimal-decrypto/functions/node_modules/firebase-functions/lib/index.js"} 
[debug] [2020-04-23T20:55:47.854Z] [runtime-status] [27960] Outgoing network have been stubbed. [{"name":"http","status":"mocked"},{"name":"http","status":"mocked"},{"name":"https","status":"mocked"},{"name":"https","status":"mocked"},{"name":"net","status":"mocked"}] 
[debug] [2020-04-23T20:55:47.913Z] [runtime-status] [27960] Checked functions.config() {"config":{}} 
[debug] [2020-04-23T20:55:47.916Z] [runtime-status] [27960] Resolved module firebase-functions {"declared":true,"installed":true,"version":"3.6.0","resolution":"/home/cris/Documents/Github repos/minimal-decrypto/functions/node_modules/firebase-functions/lib/index.js"} 
[debug] [2020-04-23T20:55:47.918Z] [runtime-status] [27960] Resolved module firebase-admin {"declared":true,"installed":true,"version":"8.10.0","resolution":"/home/cris/Documents/Github repos/minimal-decrypto/functions/node_modules/firebase-admin/lib/index.js"} 
[debug] [2020-04-23T20:55:47.919Z] [runtime-status] [27960] Resolved module firebase-functions {"declared":true,"installed":true,"version":"3.6.0","resolution":"/home/cris/Documents/Github repos/minimal-decrypto/functions/node_modules/firebase-functions/lib/index.js"} 
[debug] [2020-04-23T20:55:47.920Z] [runtime-status] [27960] firebase-admin has been stubbed. {"adminResolution":{"declared":true,"installed":true,"version":"8.10.0","resolution":"/home/cris/Documents/Github repos/minimal-decrypto/functions/node_modules/firebase-admin/lib/index.js"}} 
[debug] [2020-04-23T20:55:47.924Z] [runtime-status] [27960] initializeApp(DEFAULT) {"databaseURL":"https://submarine-safari.firebaseio.com","storageBucket":"submarine-safari.appspot.com","projectId":"submarine-safari"} 
[debug] [2020-04-23T20:55:47.926Z] [worker-~diagnostic~-7aa91393-41c4-4ca5-bb3d-bcfa376472d1]: IDLE 
